Base path: /Applications/Unity/Unity.app/Contents
Cmd: initializeCompiler
Cmd: compileComputeKernel
  api=15 insize=1386 outsize=3529 ok=1
Cmd: compileComputeKernel
  api=15 insize=3182 outsize=6785 ok=1
Cmd: translateComputeKernel
  api=14 insize=7169 outsize=3577 ok=1
Cmd: translateComputeKernel
  api=14 insize=6689 outsize=1561 ok=1
Cmd: compileComputeKernel
  api=14 insize=1484 outsize=781 ok=1
Cmd: translateComputeKernel
  api=14 insize=873 outsize=909 ok=1
Cmd: translateComputeKernel
  api=14 insize=7345 outsize=3141 ok=1
Cmd: compileComputeKernel
  api=15 insize=1386 outsize=5253 ok=1
Cmd: translateComputeKernel
  api=14 insize=6557 outsize=1317 ok=1
Cmd: compileComputeKernel
  api=14 insize=3182 outsize=7097 ok=1
Cmd: compileComputeKernel
  api=15 insize=3182 outsize=10405 ok=1
Cmd: compileComputeKernel
  api=15 insize=1484 outsize=897 ok=1
Cmd: translateComputeKernel
  api=14 insize=873 outsize=909 ok=1

Quitting shader compiler process
